#
# There is insufficient memory for the Java Runtime Environment to continue.
# Native memory allocation (malloc) failed to allocate 1656816 bytes. Error detail: Chunk::new
# Possible reasons:
#   The system is out of physical RAM or swap space
#   This process is running with CompressedOops enabled, and the Java Heap may be blocking the growth of the native heap
# Possible solutions:
#   Reduce memory load on the system
#   Increase physical memory or swap space
#   Check if swap backing store is full
#   Decrease Java heap size (-Xmx/-Xms)
#   Decrease number of Java threads
#   Decrease Java thread stack sizes (-Xss)
#   Set larger code cache with -XX:ReservedCodeCacheSize=
#   JVM is running with Unscaled Compressed Oops mode in which the Java heap is
#     placed in the first 4GB address space. The Java Heap base address is the
#     maximum limit for the native heap growth. Please use -XX:HeapBaseMinAddress
#     to set the Java Heap base and to place the Java Heap above 4GB virtual address.
# This output file may be truncated or incomplete.
#
#  Out of Memory Error (arena.cpp:168), pid=27224, tid=26992
#
# JRE version: OpenJDK Runtime Environment Temurin-21.0.6+7 (21.0.6+7) (build 21.0.6+7-LTS)
# Java VM: OpenJDK 64-Bit Server VM Temurin-21.0.6+7 (21.0.6+7-LTS, mixed mode, sharing, tiered, compressed oops, compressed class ptrs, parallel gc, windows-amd64)
# No core dump will be written. Minidumps are not enabled by default on client versions of Windows
#

---------------  S U M M A R Y ------------

Command Line: --add-modules=ALL-SYSTEM --add-opens=java.base/java.util=ALL-UNNAMED --add-opens=java.base/java.lang=ALL-UNNAMED --add-opens=java.base/sun.nio.fs=ALL-UNNAMED -Declipse.application=org.eclipse.jdt.ls.core.id1 -Dosgi.bundles.defaultStartLevel=4 -Declipse.product=org.eclipse.jdt.ls.core.product -Djava.import.generatesMetadataFilesAtProjectRoot=false -DDetectVMInstallationsJob.disabled=true -Dfile.encoding=utf8 -XX:+UseParallelGC -XX:GCTimeRatio=4 -XX:AdaptiveSizePolicyWeight=90 -Dsun.zip.disableMemoryMapping=true -Xmx1G -Xms100m -Xlog:disable -javaagent:c:\Users\neng.peng\.cursor\extensions\redhat.java-1.41.1-win32-x64\lombok\lombok-1.18.36.jar -XX:+HeapDumpOnOutOfMemoryError -XX:HeapDumpPath=c:\Users\neng.peng\AppData\Roaming\Cursor\User\workspaceStorage\ac6def7b551673d8a8fb8b753dd4871c\redhat.java -Daether.dependencyCollector.impl=bf c:\Users\neng.peng\.cursor\extensions\redhat.java-1.41.1-win32-x64\server\plugins\org.eclipse.equinox.launcher_1.7.0.v20250331-1702.jar -configuration c:\Users\neng.peng\AppData\Roaming\Cursor\User\globalStorage\redhat.java\1.41.1\config_win -data c:\Users\neng.peng\AppData\Roaming\Cursor\User\workspaceStorage\ac6def7b551673d8a8fb8b753dd4871c\redhat.java\jdt_ws --pipe=\\.\pipe\lsp-4aaecd43bb85c60160c5eb333605ce5f-sock

Host: Intel(R) Core(TM) i7-8750H CPU @ 2.20GHz, 12 cores, 15G,  Windows 10 , 64 bit Build 19041 (10.0.19041.5198)
Time: Thu Apr 17 17:38:38 2025  Windows 10 , 64 bit Build 19041 (10.0.19041.5198) elapsed time: 18.317800 seconds (0d 0h 0m 18s)

---------------  T H R E A D  ---------------

Current thread (0x000001f7ed002470):  JavaThread "C2 CompilerThread0" daemon [_thread_in_native, id=26992, stack(0x0000005a11100000,0x0000005a11200000) (1024K)]


Current CompileTask:
C2:18318 6979       4       org.eclipse.jdt.internal.compiler.util.JrtFileSystem$2::visitFile (72 bytes)

Stack: [0x0000005a11100000,0x0000005a11200000]
Native frames: (J=compiled Java code, j=interpreted, Vv=VM code, C=native code)
V  [jvm.dll+0x6cdee9]
V  [jvm.dll+0x8a83d1]
V  [jvm.dll+0x8aa8fe]
V  [jvm.dll+0x8aafe3]
V  [jvm.dll+0x27f706]
V  [jvm.dll+0xc500d]
V  [jvm.dll+0xc5543]
V  [jvm.dll+0x3b6752]
V  [jvm.dll+0x1dfe13]
V  [jvm.dll+0x247b42]
V  [jvm.dll+0x246fcf]
V  [jvm.dll+0x1c75ee]
V  [jvm.dll+0x25685a]
V  [jvm.dll+0x254dfa]
V  [jvm.dll+0x3f0256]
V  [jvm.dll+0x851f8b]
V  [jvm.dll+0x6cc5ed]
C  [ucrtbase.dll+0x21bb2]
C  [KERNEL32.DLL+0x17374]
C  [ntdll.dll+0x4cc91]


---------------  P R O C E S S  ---------------

Threads class SMR info:
_java_thread_list=0x000001f7edf22120, length=45, elements={
0x000001f7d0666120, 0x000001f7e6ce8dd0, 0x000001f7e6ce9f30, 0x000001f7e6ceae40,
0x000001f7e6cebd50, 0x000001f7ed001090, 0x000001f7ed0016f0, 0x000001f7ed002470,
0x000001f7ed07b050, 0x000001f7d2965e30, 0x000001f7ed172600, 0x000001f7ed40ecf0,
0x000001f7edf0c190, 0x000001f7edaf7580, 0x000001f7edaf2b90, 0x000001f7ee174e50,
0x000001f7eddef130, 0x000001f7edc7b580, 0x000001f7edc79b40, 0x000001f7edc78100,
0x000001f7edc7a860, 0x000001f7ee93b590, 0x000001f7edc7a1d0, 0x000001f7edc7aef0,
0x000001f7edc78790, 0x000001f7edc78e20, 0x000001f7edc794b0, 0x000001f7efd76280,
0x000001f7efd77cc0, 0x000001f7efd79700, 0x000001f7efd74ed0, 0x000001f7efd74840,
0x000001f7efd76fa0, 0x000001f7efd741b0, 0x000001f7efd75560, 0x000001f7efd76910,
0x000001f7efd77630, 0x000001f7efd78350, 0x000001f7efd79070, 0x000001f7efd789e0,
0x000001f7efd79d90, 0x000001f7efd7a420, 0x000001f7efd7aab0, 0x000001f7f066d740,
0x000001f7f066bd00
}

Java Threads: ( => current thread )
  0x000001f7d0666120 JavaThread "main"                              [_thread_blocked, id=26956, stack(0x0000005a10700000,0x0000005a10800000) (1024K)]
  0x000001f7e6ce8dd0 JavaThread "Reference Handler"          daemon [_thread_blocked, id=6288, stack(0x0000005a10b00000,0x0000005a10c00000) (1024K)]
  0x000001f7e6ce9f30 JavaThread "Finalizer"                  daemon [_thread_blocked, id=24684, stack(0x0000005a10c00000,0x0000005a10d00000) (1024K)]
  0x000001f7e6ceae40 JavaThread "Signal Dispatcher"          daemon [_thread_blocked, id=25748, stack(0x0000005a10d00000,0x0000005a10e00000) (1024K)]
  0x000001f7e6cebd50 JavaThread "Attach Listener"            daemon [_thread_blocked, id=24824, stack(0x0000005a10e00000,0x0000005a10f00000) (1024K)]
  0x000001f7ed001090 JavaThread "Service Thread"             daemon [_thread_blocked, id=13156, stack(0x0000005a10f00000,0x0000005a11000000) (1024K)]
  0x000001f7ed0016f0 JavaThread "Monitor Deflation Thread"   daemon [_thread_blocked, id=27656, stack(0x0000005a11000000,0x0000005a11100000) (1024K)]
=>0x000001f7ed002470 JavaThread "C2 CompilerThread0"         daemon [_thread_in_native, id=26992, stack(0x0000005a11100000,0x0000005a11200000) (1024K)]
  0x000001f7ed07b050 JavaThread "C1 CompilerThread0"         daemon [_thread_blocked, id=14520, stack(0x0000005a11200000,0x0000005a11300000) (1024K)]
  0x000001f7d2965e30 
[error occurred during error reporting (printing all threads), id 0xc0000005, EXCEPTION_ACCESS_VIOLATION (0xc0000005) at pc=0x00007ffc1cc92be0]
VM state: at safepoint (normal execution)

VM Mutex/Monitor currently owned by a thread:  ([mutex/lock_event])
[0x00007ffc1d7fe380] Threads_lock - owner thread: 0x000001f7d29b29c0
[0x00007ffc1d7fe480] Heap_lock - owner thread: 0x000001f7edc78790

Heap address: 0x00000000c0000000, size: 1024 MB, Compressed Oops mode: 32-bit

CDS archive(s) mapped at: [0x000001f780000000-0x000001f780ba0000-0x000001f780ba0000), size 12189696, SharedBaseAddress: 0x000001f780000000, ArchiveRelocationMode: 1.
Compressed class space mapped at: 0x000001f781000000-0x000001f7c1000000, reserved size: 1073741824
Narrow klass base: 0x000001f780000000, Narrow klass shift: 0, Narrow klass range: 0x100000000

GC Precious Log:
 CardTable entry size: 512
 CPUs: 12 total, 12 available
 Memory: 16234M
 Large Page Support: Disabled
 NUMA Support: Disabled
 Compressed Oops: Enabled (32-bit)
 Alignments: Space 512K, Generation 512K, Heap 2M
 Heap Min Capacity: 100M
 Heap Initial Capacity: 100M
 Heap Max Capacity: 1G
 Pre-touch: Disabled
 Parallel Workers: 10

Heap:
 PSYoungGen      total 11776K, used 11584K [0x00000000eab00000, 0x00000000eb980000, 0x0000000100000000)
  eden space 9728K, 100% used [0x00000000eab00000,0x00000000eb480000,0x00000000eb480000)
  from space 2048K, 90% used [0x00000000eb780000,0x00000000eb950008,0x00000000eb980000)
  to   space 2048K, 98% used [0x00000000eb580000,0x00000000eb779e38,0x00000000eb780000)
 ParOldGen       total 84992K, used 84509K [0x00000000c0000000, 0x00000000c5300000, 0x00000000eab00000)
  object space 84992K, 99% used [0x00000000c0000000,0x00000000c52876a0,0x00000000c5300000)
 Metaspace       used 54554K, committed 55808K, reserved 1114112K
  class space    used 5962K, committed 6464K, reserved 1048576K

Card table byte_map: [0x000001f7d22a0000,0x000001f7d24b0000] _byte_map_base: 0x000001f7d1ca0000

Marking Bits: (ParMarkBitMap*) 0x00007ffc1d803260
 Begin Bits: [0x000001f7e4af0000, 0x000001f7e5af0000)
 End Bits:   [0x000001f7e5af0000, 0x000001f7e6af0000)

Polling page: 0x000001f7d0810000

Metaspace:

Usage:
  Non-class:     47.45 MB used.
      Class:      5.82 MB used.
       Both:     53.28 MB used.

Virtual space:
  Non-class space:       64.00 MB reserved,      48.19 MB ( 75%) committed,  1 nodes.
      Class space:        1.00 GB reserved,       6.31 MB ( <1%) committed,  1 nodes.
             Both:        1.06 GB reserved,      54.50 MB (  5%) committed. 

Chunk freelists:
   Non-Class:  15.05 MB
       Class:  9.66 MB
        Both:  24.70 MB

MaxMetaspaceSize: unlimited
CompressedClassSpaceSize: 1.00 GB
Initial GC threshold: 21.00 MB
Current GC threshold: 58.38 MB
CDS: on
 - commit_granule_bytes: 65536.
 - commit_granule_words: 8192.
 - virtual_space_node_default_size: 8388608.
 - enlarge_chunks_in_place: 1.
 - use_allocation_guard: 0.


Internal statistics:

num_allocs_failed_limit: 6.
num_arena_births: 904.
num_arena_deaths: 22.
num_vsnodes_births: 2.
num_vsnodes_deaths: 0.
num_space_committed: 871.
num_space_uncommitted: 0.
num_chunks_returned_to_freelist: 32.
num_chunks_taken_from_freelist: 3328.
num_chunk_merges: 10.
num_chunk_splits: 2125.
num_chunks_enlarged: 1273.
num_inconsistent_stats: 0.

CodeHeap 'non-profiled nmethods': size=120000Kb used=3725Kb max_used=3907Kb free=116275Kb
 bounds [0x000001f7dd5c0000, 0x000001f7dd9a0000, 0x000001f7e4af0000]
CodeHeap 'profiled nmethods': size=120000Kb used=14349Kb max_used=14957Kb free=105650Kb
 bounds [0x000001f7d5af0000, 0x000001f7d6990000, 0x000001f7dd020000]
CodeHeap 'non-nmethods': size=5760Kb used=1404Kb max_used=1485Kb free=4355Kb
 bounds [0x000001f7dd020000, 0x000001f7dd290000, 0x000001f7dd5c0000]
 total_blobs=7569 nmethods=6855 adapters=620
 compilation: enabled
              stopped_count=0, restarted_count=0
 full_count=0

Compilation events (20 events):
Event: 18.059 Thread 0x000001f7ed07b050 7636       2       java.util.concurrent.ConcurrentHashMap::<init> (73 bytes)
Event: 18.059 Thread 0x000001f7ed07b050 nmethod 7636 0x000001f7d6987b10 code [0x000001f7d6987d00, 0x000001f7d6987fc0]
Event: 18.061 Thread 0x000001f7ed07b050 7637       2       java.io.File::<init> (111 bytes)
Event: 18.063 Thread 0x000001f7ed07b050 nmethod 7637 0x000001f7d6988110 code [0x000001f7d6988360, 0x000001f7d69888c0]
Event: 18.166 Thread 0x000001f7ed07b050 7638       2       org.gradle.internal.classpath.DefaultClassPath::of (33 bytes)
Event: 18.166 Thread 0x000001f7ed07b050 nmethod 7638 0x000001f7d6988c10 code [0x000001f7d6988de0, 0x000001f7d6989058]
Event: 18.208 Thread 0x000001f7ed07b050 7639       2       java.net.URLConnection::setUseCaches (10 bytes)
Event: 18.209 Thread 0x000001f7ed07b050 nmethod 7639 0x000001f7d6989190 code [0x000001f7d6989340, 0x000001f7d6989528]
Event: 18.209 Thread 0x000001f7ed07b050 7640       2       java.net.URLConnection::checkConnected (19 bytes)
Event: 18.209 Thread 0x000001f7ed07b050 nmethod 7640 0x000001f7d6989610 code [0x000001f7d69897c0, 0x000001f7d6989998]
Event: 18.209 Thread 0x000001f7ed07b050 7641       2       java.util.zip.ZipFile::getEntryName (42 bytes)
Event: 18.209 Thread 0x000001f7ed07b050 nmethod 7641 0x000001f7d6989a90 code [0x000001f7d6989c60, 0x000001f7d6989e60]
Event: 18.233 Thread 0x000001f7ed07b050 7642       2       java.util.TreeSet::add (22 bytes)
Event: 18.233 Thread 0x000001f7ed07b050 nmethod 7642 0x000001f7d698a010 code [0x000001f7d698a1c0, 0x000001f7d698a310]
Event: 18.234 Thread 0x000001f7ed07b050 7643       2       java.lang.Integer::compareTo (12 bytes)
Event: 18.234 Thread 0x000001f7ed07b050 nmethod 7643 0x000001f7d698a390 code [0x000001f7d698a540, 0x000001f7d698a698]
Event: 18.234 Thread 0x000001f7ed07b050 7644       2       java.lang.Integer::compareTo (9 bytes)
Event: 18.234 Thread 0x000001f7ed07b050 nmethod 7644 0x000001f7d698a790 code [0x000001f7d698a940, 0x000001f7d698aad8]
Event: 18.245 Thread 0x000001f7ed07b050 7645       3       org.eclipse.jdt.internal.compiler.classfmt.MethodInfo::decodeAnnotations (69 bytes)
Event: 18.246 Thread 0x000001f7ed07b050 nmethod 7645 0x000001f7d698ab90 code [0x000001f7d698ad60, 0x000001f7d698b220]

GC Heap History (20 events):
Event: 16.316 GC heap after
{Heap after GC invocations=38 (full 2):
 PSYoungGen      total 11776K, used 1826K [0x00000000eab00000, 0x00000000ebe00000, 0x0000000100000000)
  eden space 9728K, 0% used [0x00000000eab00000,0x00000000eab00000,0x00000000eb480000)
  from space 2048K, 89% used [0x00000000ebc00000,0x00000000ebdc8978,0x00000000ebe00000)
  to   space 2560K, 0% used [0x00000000eb900000,0x00000000eb900000,0x00000000ebb80000)
 ParOldGen       total 71680K, used 71663K [0x00000000c0000000, 0x00000000c4600000, 0x00000000eab00000)
  object space 71680K, 99% used [0x00000000c0000000,0x00000000c45fbe30,0x00000000c4600000)
 Metaspace       used 53344K, committed 54592K, reserved 1114112K
  class space    used 5766K, committed 6272K, reserved 1048576K
}
Event: 16.510 GC heap before
{Heap before GC invocations=39 (full 2):
 PSYoungGen      total 11776K, used 11554K [0x00000000eab00000, 0x00000000ebe00000, 0x0000000100000000)
  eden space 9728K, 100% used [0x00000000eab00000,0x00000000eb480000,0x00000000eb480000)
  from space 2048K, 89% used [0x00000000ebc00000,0x00000000ebdc8978,0x00000000ebe00000)
  to   space 2560K, 0% used [0x00000000eb900000,0x00000000eb900000,0x00000000ebb80000)
 ParOldGen       total 71680K, used 71663K [0x00000000c0000000, 0x00000000c4600000, 0x00000000eab00000)
  object space 71680K, 99% used [0x00000000c0000000,0x00000000c45fbe30,0x00000000c4600000)
 Metaspace       used 53576K, committed 54720K, reserved 1114112K
  class space    used 5812K, committed 6272K, reserved 1048576K
}
Event: 16.515 GC heap after
{Heap after GC invocations=39 (full 2):
 PSYoungGen      total 11776K, used 1942K [0x00000000eab00000, 0x00000000ebc80000, 0x0000000100000000)
  eden space 9728K, 0% used [0x00000000eab00000,0x00000000eab00000,0x00000000eb480000)
  from space 2048K, 94% used [0x00000000eb900000,0x00000000ebae5ad8,0x00000000ebb00000)
  to   space 1536K, 0% used [0x00000000ebb00000,0x00000000ebb00000,0x00000000ebc80000)
 ParOldGen       total 73728K, used 73335K [0x00000000c0000000, 0x00000000c4800000, 0x00000000eab00000)
  object space 73728K, 99% used [0x00000000c0000000,0x00000000c479ddc0,0x00000000c4800000)
 Metaspace       used 53576K, committed 54720K, reserved 1114112K
  class space    used 5812K, committed 6272K, reserved 1048576K
}
Event: 16.874 GC heap before
{Heap before GC invocations=40 (full 2):
 PSYoungGen      total 11776K, used 11670K [0x00000000eab00000, 0x00000000ebc80000, 0x0000000100000000)
  eden space 9728K, 100% used [0x00000000eab00000,0x00000000eb480000,0x00000000eb480000)
  from space 2048K, 94% used [0x00000000eb900000,0x00000000ebae5ad8,0x00000000ebb00000)
  to   space 1536K, 0% used [0x00000000ebb00000,0x00000000ebb00000,0x00000000ebc80000)
 ParOldGen       total 73728K, used 73335K [0x00000000c0000000, 0x00000000c4800000, 0x00000000eab00000)
  object space 73728K, 99% used [0x00000000c0000000,0x00000000c479ddc0,0x00000000c4800000)
 Metaspace       used 53835K, committed 55040K, reserved 1114112K
  class space    used 5869K, committed 6336K, reserved 1048576K
}
Event: 16.878 GC heap after
{Heap after GC invocations=40 (full 2):
 PSYoungGen      total 11264K, used 1533K [0x00000000eab00000, 0x00000000ebc80000, 0x0000000100000000)
  eden space 9728K, 0% used [0x00000000eab00000,0x00000000eab00000,0x00000000eb480000)
  from space 1536K, 99% used [0x00000000ebb00000,0x00000000ebc7f640,0x00000000ebc80000)
  to   space 4096K, 0% used [0x00000000eb480000,0x00000000eb480000,0x00000000eb880000)
 ParOldGen       total 75776K, used 75307K [0x00000000c0000000, 0x00000000c4a00000, 0x00000000eab00000)
  object space 75776K, 99% used [0x00000000c0000000,0x00000000c498af98,0x00000000c4a00000)
 Metaspace       used 53835K, committed 55040K, reserved 1114112K
  class space    used 5869K, committed 6336K, reserved 1048576K
}
Event: 17.142 GC heap before
{Heap before GC invocations=41 (full 2):
 PSYoungGen      total 11264K, used 11261K [0x00000000eab00000, 0x00000000ebc80000, 0x0000000100000000)
  eden space 9728K, 100% used [0x00000000eab00000,0x00000000eb480000,0x00000000eb480000)
  from space 1536K, 99% used [0x00000000ebb00000,0x00000000ebc7f640,0x00000000ebc80000)
  to   space 4096K, 0% used [0x00000000eb480000,0x00000000eb480000,0x00000000eb880000)
 ParOldGen       total 75776K, used 75307K [0x00000000c0000000, 0x00000000c4a00000, 0x00000000eab00000)
  object space 75776K, 99% used [0x00000000c0000000,0x00000000c498af98,0x00000000c4a00000)
 Metaspace       used 53995K, committed 55168K, reserved 1114112K
  class space    used 5894K, committed 6400K, reserved 1048576K
}
Event: 17.145 GC heap after
{Heap after GC invocations=41 (full 2):
 PSYoungGen      total 13824K, used 1728K [0x00000000eab00000, 0x00000000ebb80000, 0x0000000100000000)
  eden space 9728K, 0% used [0x00000000eab00000,0x00000000eab00000,0x00000000eb480000)
  from space 4096K, 42% used [0x00000000eb480000,0x00000000eb630000,0x00000000eb880000)
  to   space 2560K, 0% used [0x00000000eb900000,0x00000000eb900000,0x00000000ebb80000)
 ParOldGen       total 76800K, used 76751K [0x00000000c0000000, 0x00000000c4b00000, 0x00000000eab00000)
  object space 76800K, 99% used [0x00000000c0000000,0x00000000c4af3fc8,0x00000000c4b00000)
 Metaspace       used 53995K, committed 55168K, reserved 1114112K
  class space    used 5894K, committed 6400K, reserved 1048576K
}
Event: 17.355 GC heap before
{Heap before GC invocations=42 (full 2):
 PSYoungGen      total 13824K, used 11456K [0x00000000eab00000, 0x00000000ebb80000, 0x0000000100000000)
  eden space 9728K, 100% used [0x00000000eab00000,0x00000000eb480000,0x00000000eb480000)
  from space 4096K, 42% used [0x00000000eb480000,0x00000000eb630000,0x00000000eb880000)
  to   space 2560K, 0% used [0x00000000eb900000,0x00000000eb900000,0x00000000ebb80000)
 ParOldGen       total 76800K, used 76751K [0x00000000c0000000, 0x00000000c4b00000, 0x00000000eab00000)
  object space 76800K, 99% used [0x00000000c0000000,0x00000000c4af3fc8,0x00000000c4b00000)
 Metaspace       used 54353K, committed 55616K, reserved 1114112K
  class space    used 5943K, committed 6464K, reserved 1048576K
}
Event: 17.359 GC heap after
{Heap after GC invocations=42 (full 2):
 PSYoungGen      total 11776K, used 1730K [0x00000000eab00000, 0x00000000ebb00000, 0x0000000100000000)
  eden space 9728K, 0% used [0x00000000eab00000,0x00000000eab00000,0x00000000eb480000)
  from space 2048K, 84% used [0x00000000eb900000,0x00000000ebab0b70,0x00000000ebb00000)
  to   space 2048K, 0% used [0x00000000eb700000,0x00000000eb700000,0x00000000eb900000)
 ParOldGen       total 78336K, used 78263K [0x00000000c0000000, 0x00000000c4c80000, 0x00000000eab00000)
  object space 78336K, 99% used [0x00000000c0000000,0x00000000c4c6de30,0x00000000c4c80000)
 Metaspace       used 54353K, committed 55616K, reserved 1114112K
  class space    used 5943K, committed 6464K, reserved 1048576K
}
Event: 17.521 GC heap before
{Heap before GC invocations=43 (full 2):
 PSYoungGen      total 11776K, used 11458K [0x00000000eab00000, 0x00000000ebb00000, 0x0000000100000000)
  eden space 9728K, 100% used [0x00000000eab00000,0x00000000eb480000,0x00000000eb480000)
  from space 2048K, 84% used [0x00000000eb900000,0x00000000ebab0b70,0x00000000ebb00000)
  to   space 2048K, 0% used [0x00000000eb700000,0x00000000eb700000,0x00000000eb900000)
 ParOldGen       total 78336K, used 78263K [0x00000000c0000000, 0x00000000c4c80000, 0x00000000eab00000)
  object space 78336K, 99% used [0x00000000c0000000,0x00000000c4c6de30,0x00000000c4c80000)
 Metaspace       used 54538K, committed 55744K, reserved 1114112K
  class space    used 5962K, committed 6464K, reserved 1048576K
}
Event: 17.525 GC heap after
{Heap after GC invocations=43 (full 2):
 PSYoungGen      total 11776K, used 1556K [0x00000000eab00000, 0x00000000eb980000, 0x0000000100000000)
  eden space 9728K, 0% used [0x00000000eab00000,0x00000000eab00000,0x00000000eb480000)
  from space 2048K, 76% used [0x00000000eb700000,0x00000000eb885320,0x00000000eb900000)
  to   space 512K, 0% used [0x00000000eb900000,0x00000000eb900000,0x00000000eb980000)
 ParOldGen       total 79872K, used 79852K [0x00000000c0000000, 0x00000000c4e00000, 0x00000000eab00000)
  object space 79872K, 99% used [0x00000000c0000000,0x00000000c4dfb148,0x00000000c4e00000)
 Metaspace       used 54538K, committed 55744K, reserved 1114112K
  class space    used 5962K, committed 6464K, reserved 1048576K
}
Event: 17.682 GC heap before
{Heap before GC invocations=44 (full 2):
 PSYoungGen      total 11776K, used 11284K [0x00000000eab00000, 0x00000000eb980000, 0x0000000100000000)
  eden space 9728K, 100% used [0x00000000eab00000,0x00000000eb480000,0x00000000eb480000)
  from space 2048K, 76% used [0x00000000eb700000,0x00000000eb885320,0x00000000eb900000)
  to   space 512K, 0% used [0x00000000eb900000,0x00000000eb900000,0x00000000eb980000)
 ParOldGen       total 79872K, used 79852K [0x00000000c0000000, 0x00000000c4e00000, 0x00000000eab00000)
  object space 79872K, 99% used [0x00000000c0000000,0x00000000c4dfb148,0x00000000c4e00000)
 Metaspace       used 54546K, committed 55808K, reserved 1114112K
  class space    used 5962K, committed 6464K, reserved 1048576K
}
Event: 17.684 GC heap after
{Heap after GC invocations=44 (full 2):
 PSYoungGen      total 10240K, used 512K [0x00000000eab00000, 0x00000000eba80000, 0x0000000100000000)
  eden space 9728K, 0% used [0x00000000eab00000,0x00000000eab00000,0x00000000eb480000)
  from space 512K, 100% used [0x00000000eb900000,0x00000000eb980000,0x00000000eb980000)
  to   space 3072K, 0% used [0x00000000eb480000,0x00000000eb480000,0x00000000eb780000)
 ParOldGen       total 82432K, used 82089K [0x00000000c0000000, 0x00000000c5080000, 0x00000000eab00000)
  object space 82432K, 99% used [0x00000000c0000000,0x00000000c502a448,0x00000000c5080000)
 Metaspace       used 54546K, committed 55808K, reserved 1114112K
  class space    used 5962K, committed 6464K, reserved 1048576K
}
Event: 17.960 GC heap before
{Heap before GC invocations=45 (full 2):
 PSYoungGen      total 10240K, used 9824K [0x00000000eab00000, 0x00000000eba80000, 0x0000000100000000)
  eden space 9728K, 95% used [0x00000000eab00000,0x00000000eb418008,0x00000000eb480000)
  from space 512K, 100% used [0x00000000eb900000,0x00000000eb980000,0x00000000eb980000)
  to   space 3072K, 0% used [0x00000000eb480000,0x00000000eb480000,0x00000000eb780000)
 ParOldGen       total 82432K, used 82089K [0x00000000c0000000, 0x00000000c5080000, 0x00000000eab00000)
  object space 82432K, 99% used [0x00000000c0000000,0x00000000c502a448,0x00000000c5080000)
 Metaspace       used 54549K, committed 55808K, reserved 1114112K
  class space    used 5962K, committed 6464K, reserved 1048576K
}
Event: 17.962 GC heap after
{Heap after GC invocations=45 (full 2):
 PSYoungGen      total 12800K, used 1152K [0x00000000eab00000, 0x00000000eb980000, 0x0000000100000000)
  eden space 9728K, 0% used [0x00000000eab00000,0x00000000eab00000,0x00000000eb480000)
  from space 3072K, 37% used [0x00000000eb480000,0x00000000eb5a0000,0x00000000eb780000)
  to   space 2048K, 0% used [0x00000000eb780000,0x00000000eb780000,0x00000000eb980000)
 ParOldGen       total 82944K, used 82619K [0x00000000c0000000, 0x00000000c5100000, 0x00000000eab00000)
  object space 82944K, 99% used [0x00000000c0000000,0x00000000c50aec40,0x00000000c5100000)
 Metaspace       used 54549K, committed 55808K, reserved 1114112K
  class space    used 5962K, committed 6464K, reserved 1048576K
}
Event: 18.167 GC heap before
{Heap before GC invocations=46 (full 2):
 PSYoungGen      total 12800K, used 10880K [0x00000000eab00000, 0x00000000eb980000, 0x0000000100000000)
  eden space 9728K, 100% used [0x00000000eab00000,0x00000000eb480000,0x00000000eb480000)
  from space 3072K, 37% used [0x00000000eb480000,0x00000000eb5a0000,0x00000000eb780000)
  to   space 2048K, 0% used [0x00000000eb780000,0x00000000eb780000,0x00000000eb980000)
 ParOldGen       total 82944K, used 82619K [0x00000000c0000000, 0x00000000c5100000, 0x00000000eab00000)
  object space 82944K, 99% used [0x00000000c0000000,0x00000000c50aec40,0x00000000c5100000)
 Metaspace       used 54552K, committed 55808K, reserved 1114112K
  class space    used 5962K, committed 6464K, reserved 1048576K
}
Event: 18.171 GC heap after
{Heap after GC invocations=46 (full 2):
 PSYoungGen      total 11776K, used 1856K [0x00000000eab00000, 0x00000000eb980000, 0x0000000100000000)
  eden space 9728K, 0% used [0x00000000eab00000,0x00000000eab00000,0x00000000eb480000)
  from space 2048K, 90% used [0x00000000eb780000,0x00000000eb950008,0x00000000eb980000)
  to   space 2048K, 0% used [0x00000000eb580000,0x00000000eb580000,0x00000000eb780000)
 ParOldGen       total 83968K, used 83596K [0x00000000c0000000, 0x00000000c5200000, 0x00000000eab00000)
  object space 83968K, 99% used [0x00000000c0000000,0x00000000c51a3258,0x00000000c5200000)
 Metaspace       used 54552K, committed 55808K, reserved 1114112K
  class space    used 5962K, committed 6464K, reserved 1048576K
}
Event: 18.252 GC heap before
{Heap before GC invocations=47 (full 2):
 PSYoungGen      total 11776K, used 11584K [0x00000000eab00000, 0x00000000eb980000, 0x0000000100000000)
  eden space 9728K, 100% used [0x00000000eab00000,0x00000000eb480000,0x00000000eb480000)
  from space 2048K, 90% used [0x00000000eb780000,0x00000000eb950008,0x00000000eb980000)
  to   space 2048K, 0% used [0x00000000eb580000,0x00000000eb580000,0x00000000eb780000)
 ParOldGen       total 83968K, used 83596K [0x00000000c0000000, 0x00000000c5200000, 0x00000000eab00000)
  object space 83968K, 99% used [0x00000000c0000000,0x00000000c51a3258,0x00000000c5200000)
 Metaspace       used 54554K, committed 55808K, reserved 1114112K
  class space    used 5962K, committed 6464K, reserved 1048576K
}
Event: 18.256 GC heap after
{Heap after GC invocations=47 (full 2):
 PSYoungGen      total 11776K, used 11584K [0x00000000eab00000, 0x00000000eb980000, 0x0000000100000000)
  eden space 9728K, 100% used [0x00000000eab00000,0x00000000eb480000,0x00000000eb480000)
  from space 2048K, 90% used [0x00000000eb780000,0x00000000eb950008,0x00000000eb980000)
  to   space 2048K, 98% used [0x00000000eb580000,0x00000000eb779e38,0x00000000eb780000)
 ParOldGen       total 84992K, used 84509K [0x00000000c0000000, 0x00000000c5300000, 0x00000000eab00000)
  object space 84992K, 99% used [0x00000000c0000000,0x00000000c52876a0,0x00000000c5300000)
 Metaspace       used 54554K, committed 55808K, reserved 1114112K
  class space    used 5962K, committed 6464K, reserved 1048576K
}
Event: 18.256 GC heap before
{Heap before GC invocations=48 (full 3):
 PSYoungGen      total 11776K, used 11584K [0x00000000eab00000, 0x00000000eb980000, 0x0000000100000000)
  eden space 9728K, 100% used [0x00000000eab00000,0x00000000eb480000,0x00000000eb480000)
  from space 2048K, 90% used [0x00000000eb780000,0x00000000eb950008,0x00000000eb980000)
  to   space 2048K, 98% used [0x00000000eb580000,0x00000000eb779e38,0x00000000eb780000)
 ParOldGen       total 84992K, used 84509K [0x00000000c0000000, 0x00000000c5300000, 0x00000000eab00000)
  object space 84992K, 99% used [0x00000000c0000000,0x00000000c52876a0,0x00000000c5300000)
 Metaspace       used 54554K, committed 55808K, reserved 1114112K
  class space    used 5962K, committed 6464K, reserved 1048576K
}

Dll operation events (11 events):
Event: 0.019 Loaded shared library c:\Users\neng.peng\.cursor\extensions\redhat.java-1.41.1-win32-x64\jre\21.0.6-win32-x86_64\bin\java.dll
Event: 0.079 Loaded shared library c:\Users\neng.peng\.cursor\extensions\redhat.java-1.41.1-win32-x64\jre\21.0.6-win32-x86_64\bin\zip.dll
Event: 0.263 Loaded shared library C:\Users\neng.peng\.cursor\extensions\redhat.java-1.41.1-win32-x64\jre\21.0.6-win32-x86_64\bin\instrument.dll
Event: 0.305 Loaded shared library C:\Users\neng.peng\.cursor\extensions\redhat.java-1.41.1-win32-x64\jre\21.0.6-win32-x86_64\bin\net.dll
Event: 0.316 Loaded shared library C:\Users\neng.peng\.cursor\extensions\redhat.java-1.41.1-win32-x64\jre\21.0.6-win32-x86_64\bin\nio.dll
Event: 0.322 Loaded shared library C:\Users\neng.peng\.cursor\extensions\redhat.java-1.41.1-win32-x64\jre\21.0.6-win32-x86_64\bin\zip.dll
Event: 0.358 Loaded shared library C:\Users\neng.peng\.cursor\extensions\redhat.java-1.41.1-win32-x64\jre\21.0.6-win32-x86_64\bin\jimage.dll
Event: 0.519 Loaded shared library c:\Users\neng.peng\.cursor\extensions\redhat.java-1.41.1-win32-x64\jre\21.0.6-win32-x86_64\bin\verify.dll
Event: 2.918 Loaded shared library C:\Users\neng.peng\AppData\Roaming\Cursor\User\globalStorage\redhat.java\1.41.1\config_win\org.eclipse.equinox.launcher\org.eclipse.equinox.launcher.win32.win32.x86_64_1.2.1300.v20250331-1702\eclipse_11911.dll
Event: 6.364 Loaded shared library C:\Users\neng.peng\AppData\Local\Temp\jna-514568172\jna5960052290232060238.dll
Event: 16.558 Loaded shared library C:\Users\neng.peng\.gradle\native\e1d6ef7f7dcc3fd88c89a11ec53ec762bb8ba0a96d01ffa2cd45eb1d1d8dd5c5\windows-amd64\native-platform.dll

Deoptimization events (20 events):
Event: 17.666 Thread 0x000001f7f066bd00 DEOPT PACKING pc=0x000001f7d662bd46 sp=0x0000005a13ffc860
Event: 17.666 Thread 0x000001f7f066bd00 DEOPT UNPACKING pc=0x000001f7dd074242 sp=0x0000005a13ffbde0 mode 0
Event: 17.696 Thread 0x000001f7edc78790 Uncommon trap: trap_request=0xffffff45 fr.pc=0x000001f7dd9512d0 relative=0x0000000000003e50
Event: 17.696 Thread 0x000001f7edc78790 Uncommon trap: reason=unstable_if action=reinterpret pc=0x000001f7dd9512d0 method=org.eclipse.jdt.internal.core.search.indexing.BinaryIndexer.extractArgCount([C[CZ)I @ 247 c2
Event: 17.696 Thread 0x000001f7edc78790 DEOPT PACKING pc=0x000001f7dd9512d0 sp=0x0000005a12cfe2e0
Event: 17.696 Thread 0x000001f7edc78790 DEOPT UNPACKING pc=0x000001f7dd073aa2 sp=0x0000005a12cfe240 mode 2
Event: 17.745 Thread 0x000001f7edc78790 DEOPT PACKING pc=0x000001f7d69805d3 sp=0x0000005a12cfe290
Event: 17.745 Thread 0x000001f7edc78790 DEOPT UNPACKING pc=0x000001f7dd074242 sp=0x0000005a12cfd7f8 mode 0
Event: 17.767 Thread 0x000001f7edc78790 Uncommon trap: trap_request=0xffffff45 fr.pc=0x000001f7dd9231f4 relative=0x0000000000000594
Event: 17.767 Thread 0x000001f7edc78790 Uncommon trap: reason=unstable_if action=reinterpret pc=0x000001f7dd9231f4 method=org.eclipse.jdt.internal.core.search.indexing.BinaryIndexer.extractArgCount([C[CZ)I @ 247 c2
Event: 17.767 Thread 0x000001f7edc78790 DEOPT PACKING pc=0x000001f7dd9231f4 sp=0x0000005a12cfe240
Event: 17.767 Thread 0x000001f7edc78790 DEOPT UNPACKING pc=0x000001f7dd073aa2 sp=0x0000005a12cfe198 mode 2
Event: 17.948 Thread 0x000001f7edc78790 DEOPT PACKING pc=0x000001f7d69805d3 sp=0x0000005a12cfe290
Event: 17.948 Thread 0x000001f7edc78790 DEOPT UNPACKING pc=0x000001f7dd074242 sp=0x0000005a12cfd7f8 mode 0
Event: 18.073 Thread 0x000001f7edc78790 DEOPT PACKING pc=0x000001f7d69805d3 sp=0x0000005a12cfe290
Event: 18.073 Thread 0x000001f7edc78790 DEOPT UNPACKING pc=0x000001f7dd074242 sp=0x0000005a12cfd7f8 mode 0
Event: 18.230 Thread 0x000001f7f066bd00 DEOPT PACKING pc=0x000001f7d662bd46 sp=0x0000005a13ffc070
Event: 18.230 Thread 0x000001f7f066bd00 DEOPT UNPACKING pc=0x000001f7dd074242 sp=0x0000005a13ffb5f0 mode 0
Event: 18.241 Thread 0x000001f7f066bd00 DEOPT PACKING pc=0x000001f7d6132839 sp=0x0000005a13ffc610
Event: 18.241 Thread 0x000001f7f066bd00 DEOPT UNPACKING pc=0x000001f7dd074242 sp=0x0000005a13ffbb10 mode 0

Classes loaded (20 events):
Event: 14.922 Loading class java/nio/file/PathMatcher done
Event: 14.922 Loading class sun/nio/fs/WindowsFileSystem$2 done
Event: 14.934 Loading class java/nio/file/FileChannelLinesSpliterator
Event: 14.934 Loading class java/nio/file/FileChannelLinesSpliterator done
Event: 14.937 Loading class java/util/stream/Streams$1
Event: 14.937 Loading class java/util/stream/Streams$1 done
Event: 14.942 Loading class java/nio/file/FileChannelLinesSpliterator$1
Event: 14.943 Loading class java/nio/file/FileChannelLinesSpliterator$1 done
Event: 15.129 Loading class java/util/concurrent/CopyOnWriteArraySet
Event: 15.129 Loading class java/util/concurrent/CopyOnWriteArraySet done
Event: 15.248 Loading class java/util/concurrent/ArrayBlockingQueue
Event: 15.249 Loading class java/util/concurrent/ArrayBlockingQueue done
Event: 15.406 Loading class java/net/HttpURLConnection
Event: 15.407 Loading class java/net/HttpURLConnection done
Event: 15.429 Loading class java/io/FileFilter
Event: 15.429 Loading class java/io/FileFilter done
Event: 15.510 Loading class java/util/concurrent/ConcurrentHashMap$ValueSpliterator
Event: 15.510 Loading class java/util/concurrent/ConcurrentHashMap$ValueSpliterator done
Event: 15.513 Loading class jdk/internal/loader/BootLoader$PackageHelper
Event: 15.513 Loading class jdk/internal/loader/BootLoader$PackageHelper done

Classes unloaded (11 events):
Event: 7.813 Thread 0x000001f7d29b29c0 Unloading class 0x000001f781195000 'java/lang/invoke/LambdaForm$MH+0x000001f781195000'
Event: 7.813 Thread 0x000001f7d29b29c0 Unloading class 0x000001f781194c00 'java/lang/invoke/LambdaForm$MH+0x000001f781194c00'
Event: 7.813 Thread 0x000001f7d29b29c0 Unloading class 0x000001f781194800 'java/lang/invoke/LambdaForm$MH+0x000001f781194800'
Event: 7.813 Thread 0x000001f7d29b29c0 Unloading class 0x000001f781194400 'java/lang/invoke/LambdaForm$MH+0x000001f781194400'
Event: 7.813 Thread 0x000001f7d29b29c0 Unloading class 0x000001f781194000 'java/lang/invoke/LambdaForm$BMH+0x000001f781194000'
Event: 7.813 Thread 0x000001f7d29b29c0 Unloading class 0x000001f781193c00 'java/lang/invoke/LambdaForm$DMH+0x000001f781193c00'
Event: 7.813 Thread 0x000001f7d29b29c0 Unloading class 0x000001f781192c00 'java/lang/invoke/LambdaForm$DMH+0x000001f781192c00'
Event: 10.175 Thread 0x000001f7d29b29c0 Unloading class 0x000001f7812d9000 'java/lang/invoke/LambdaForm$MH+0x000001f7812d9000'
Event: 10.175 Thread 0x000001f7d29b29c0 Unloading class 0x000001f7812d8400 'java/lang/invoke/LambdaForm$MH+0x000001f7812d8400'
Event: 10.175 Thread 0x000001f7d29b29c0 Unloading class 0x000001f7812d7c00 'java/lang/invoke/LambdaForm$MH+0x000001f7812d7c00'
Event: 10.175 Thread 0x000001f7d29b29c0 Unloading class 0x000001f7812d7400 'java/lang/invoke/LambdaForm$MH+0x000001f7812d7400'

Classes redefined (0 events):
No events

Internal exceptions (20 events):
Event: 14.097 Thread 0x000001f7edc794b0 Exception <a 'sun/nio/fs/WindowsException'{0x00000000eb85a130}> (0x00000000eb85a130) 
thrown [s\src\hotspot\share\prims\jni.cpp, line 520]
Event: 14.149 Thread 0x000001f7edc78790 Implicit null exception at 0x000001f7dd8ab6e0 to 0x000001f7dd8ab7f4
Event: 14.164 Thread 0x000001f7edc794b0 Exception <a 'java/io/FileNotFoundException'{0x00000000eac8a708}> (0x00000000eac8a708) 
thrown [s\src\hotspot\share\prims\jni.cpp, line 520]
Event: 14.165 Thread 0x000001f7edc794b0 Exception <a 'java/io/FileNotFoundException'{0x00000000eac9a1c8}> (0x00000000eac9a1c8) 
thrown [s\src\hotspot\share\prims\jni.cpp, line 520]
Event: 14.166 Thread 0x000001f7edc794b0 Exception <a 'java/io/FileNotFoundException'{0x00000000eac9ba38}> (0x00000000eac9ba38) 
thrown [s\src\hotspot\share\prims\jni.cpp, line 520]
Event: 14.166 Thread 0x000001f7edc794b0 Exception <a 'java/io/FileNotFoundException'{0x00000000eac9d090}> (0x00000000eac9d090) 
thrown [s\src\hotspot\share\prims\jni.cpp, line 520]
Event: 14.167 Thread 0x000001f7edc794b0 Exception <a 'java/io/FileNotFoundException'{0x00000000eacce3a0}> (0x00000000eacce3a0) 
thrown [s\src\hotspot\share\prims\jni.cpp, line 520]
Event: 14.727 Thread 0x000001f7efd7aab0 Exception <a 'java/lang/IncompatibleClassChangeError'{0x00000000eb0b7770}: Found class java.lang.Object, but interface was expected> (0x00000000eb0b7770) 
thrown [s\src\hotspot\share\interpreter\linkResolver.cpp, line 840]
Event: 14.740 Thread 0x000001f7edc794b0 Exception <a 'java/lang/NoSuchMethodError'{0x00000000eb291a98}: 'int java.lang.invoke.DirectMethodHandle$Holder.invokeSpecialIFC(java.lang.Object, java.lang.Object, java.lang.Object, java.lang.Object)'> (0x00000000eb291a98) 
thrown [s\src\hotspot\share\interpreter\linkResolver.cpp, line 773]
Event: 14.771 Thread 0x000001f7edc794b0 Exception <a 'sun/nio/fs/WindowsException'{0x00000000eb388780}> (0x00000000eb388780) 
thrown [s\src\hotspot\share\prims\jni.cpp, line 520]
Event: 14.771 Thread 0x000001f7edc794b0 Exception <a 'sun/nio/fs/WindowsException'{0x00000000eb388e20}> (0x00000000eb388e20) 
thrown [s\src\hotspot\share\prims\jni.cpp, line 520]
Event: 14.854 Thread 0x000001f7edc78e20 Exception <a 'java/lang/NoSuchMethodError'{0x00000000eb7cf598}: 'int java.lang.invoke.DirectMethodHandle$Holder.invokeInterface(java.lang.Object, java.lang.Object)'> (0x00000000eb7cf598) 
thrown [s\src\hotspot\share\interpreter\linkResolver.cpp, line 773]
Event: 14.854 Thread 0x000001f7edc78e20 Exception <a 'java/lang/IncompatibleClassChangeError'{0x00000000eb7d2900}: Found class java.lang.Object, but interface was expected> (0x00000000eb7d2900) 
thrown [s\src\hotspot\share\interpreter\linkResolver.cpp, line 840]
Event: 14.901 Thread 0x000001f7edc78e20 Exception <a 'java/lang/NoSuchMethodError'{0x00000000eb952080}: method resolution failed> (0x00000000eb952080) 
thrown [s\src\hotspot\share\prims\methodHandles.cpp, line 1144]
Event: 14.923 Thread 0x000001f7edc78e20 Exception <a 'sun/nio/fs/WindowsException'{0x00000000eb9a39e0}> (0x00000000eb9a39e0) 
thrown [s\src\hotspot\share\prims\jni.cpp, line 520]
Event: 14.923 Thread 0x000001f7edc78e20 Exception <a 'sun/nio/fs/WindowsException'{0x00000000eb9c07c0}> (0x00000000eb9c07c0) 
thrown [s\src\hotspot\share\prims\jni.cpp, line 520]
Event: 15.138 Thread 0x000001f7edc78e20 Exception <a 'java/lang/NoSuchMethodError'{0x00000000eab6b480}: 'java.lang.Object java.lang.invoke.DirectMethodHandle$Holder.invokeVirtual(java.lang.Object, java.lang.Object, java.lang.Object, java.lang.Object)'> (0x00000000eab6b480) 
thrown [s\src\hotspot\share\interpreter\linkResolver.cpp, line 773]
Event: 15.144 Thread 0x000001f7edc78e20 Exception <a 'java/lang/NoSuchMethodError'{0x00000000eac0c660}: 'java.lang.Object java.lang.invoke.DirectMethodHandle$Holder.invokeVirtual(java.lang.Object, java.lang.Object, java.lang.Object, java.lang.Object, java.lang.Object)'> (0x00000000eac0c660) 
thrown [s\src\hotspot\share\interpreter\linkResolver.cpp, line 773]
Event: 16.377 Thread 0x000001f7f066bd00 Exception <a 'java/lang/NoSuchMethodError'{0x00000000eaf2b3a8}: 'java.lang.Object java.lang.invoke.DirectMethodHandle$Holder.invokeVirtual(java.lang.Object, java.lang.Object, java.lang.Object, java.lang.Object, java.lang.Object, java.lang.Object, java.lang.Object)'> (0x00000000eaf2b3a8) 
thrown [s\src\hotspot\share\interpreter\linkResolver.cpp, line 773]
Event: 16.879 Thread 0x000001f7edc78790 Implicit null exception at 0x000001f7dd8d2520 to 0x000001f7dd8d2b4c

ZGC Phase Switch (0 events):
No events

VM Operations (20 events):
Event: 16.131 Executing VM operation: ParallelGCFailedAllocation (Allocation Failure) done
Event: 16.310 Executing VM operation: ParallelGCFailedAllocation (Allocation Failure)
Event: 16.316 Executing VM operation: ParallelGCFailedAllocation (Allocation Failure) done
Event: 16.510 Executing VM operation: ParallelGCFailedAllocation (Allocation Failure)
Event: 16.515 Executing VM operation: ParallelGCFailedAllocation (Allocation Failure) done
Event: 16.869 Executing VM operation: ParallelGCFailedAllocation (Allocation Failure)
Event: 16.878 Executing VM operation: ParallelGCFailedAllocation (Allocation Failure) done
Event: 17.142 Executing VM operation: ParallelGCFailedAllocation (Allocation Failure)
Event: 17.145 Executing VM operation: ParallelGCFailedAllocation (Allocation Failure) done
Event: 17.355 Executing VM operation: ParallelGCFailedAllocation (Allocation Failure)
Event: 17.359 Executing VM operation: ParallelGCFailedAllocation (Allocation Failure) done
Event: 17.521 Executing VM operation: ParallelGCFailedAllocation (Allocation Failure)
Event: 17.525 Executing VM operation: ParallelGCFailedAllocation (Allocation Failure) done
Event: 17.682 Executing VM operation: ParallelGCFailedAllocation (Allocation Failure)
Event: 17.685 Executing VM operation: ParallelGCFailedAllocation (Allocation Failure) done
Event: 17.960 Executing VM operation: ParallelGCFailedAllocation (Allocation Failure)
Event: 17.962 Executing VM operation: ParallelGCFailedAllocation (Allocation Failure) done
Event: 18.166 Executing VM operation: ParallelGCFailedAllocation (Allocation Failure)
Event: 18.171 Executing VM operation: ParallelGCFailedAllocation (Allocation Failure) done
Event: 18.252 Executing VM operation: ParallelGCFailedAllocation (Allocation Failure)

Memory protections (0 events):
No events

Nmethod flushes (20 events):
Event: 18.295 Thread 0x000001f7d29b29c0 flushing  nmethod 0x000001f7d640be90
Event: 18.295 Thread 0x000001f7d29b29c0 flushing  nmethod 0x000001f7d6418510
Event: 18.295 Thread 0x000001f7d29b29c0 flushing  nmethod 0x000001f7d6419b10
Event: 18.295 Thread 0x000001f7d29b29c0 flushing  nmethod 0x000001f7d6419f10
Event: 18.295 Thread 0x000001f7d29b29c0 flushing  nmethod 0x000001f7d641d790
Event: 18.295 Thread 0x000001f7d29b29c0 flushing  nmethod 0x000001f7d641f110
Event: 18.295 Thread 0x000001f7d29b29c0 flushing  nmethod 0x000001f7d6420790
Event: 18.295 Thread 0x000001f7d29b29c0 flushing  nmethod 0x000001f7d6420b90
Event: 18.295 Thread 0x000001f7d29b29c0 flushing  nmethod 0x000001f7d6421010
Event: 18.295 Thread 0x000001f7d29b29c0 flushing  nmethod 0x000001f7d642bc90
Event: 18.295 Thread 0x000001f7d29b29c0 flushing  nmethod 0x000001f7d642c110
Event: 18.295 Thread 0x000001f7d29b29c0 flushing  nmethod 0x000001f7d642c710
Event: 18.295 Thread 0x000001f7d29b29c0 flushing  nmethod 0x000001f7d642d590
Event: 18.295 Thread 0x000001f7d29b29c0 flushing  nmethod 0x000001f7d642d990
Event: 18.295 Thread 0x000001f7d29b29c0 flushing  nmethod 0x000001f7d6481f10
Event: 18.295 Thread 0x000001f7d29b29c0 flushing  nmethod 0x000001f7d6482610
Event: 18.295 Thread 0x000001f7d29b29c0 flushing  nmethod 0x000001f7d6482d10
Event: 18.295 Thread 0x000001f7d29b29c0 flushing  nmethod 0x000001f7d6483f10
Event: 18.295 Thread 0x000001f7d29b29c0 flushing  nmethod 0x000001f7d6484810
Event: 18.295 Thread 0x000001f7d29b29c0 flushing  nmethod 0x000001f7d648b090

Events (20 events):
Event: 10.070 Thread 0x000001f7edc7aef0 Thread added: 0x000001f7edc794b0
Event: 10.249 Thread 0x000001f7d0666120 Thread added: 0x000001f7efd76280
Event: 10.250 Thread 0x000001f7d0666120 Thread added: 0x000001f7efd77cc0
Event: 10.251 Thread 0x000001f7d0666120 Thread added: 0x000001f7efd79700
Event: 10.251 Thread 0x000001f7d0666120 Thread added: 0x000001f7efd74ed0
Event: 10.252 Thread 0x000001f7d0666120 Thread added: 0x000001f7efd74840
Event: 10.258 Thread 0x000001f7d0666120 Thread added: 0x000001f7efd76fa0
Event: 10.259 Thread 0x000001f7d0666120 Thread added: 0x000001f7efd741b0
Event: 10.259 Thread 0x000001f7d0666120 Thread added: 0x000001f7efd75560
Event: 10.260 Thread 0x000001f7d0666120 Thread added: 0x000001f7efd76910
Event: 10.260 Thread 0x000001f7d0666120 Thread added: 0x000001f7efd77630
Event: 10.261 Thread 0x000001f7d0666120 Thread added: 0x000001f7efd78350
Event: 10.261 Thread 0x000001f7d0666120 Thread added: 0x000001f7efd79070
Event: 10.261 Thread 0x000001f7d0666120 Thread added: 0x000001f7efd789e0
Event: 10.347 Thread 0x000001f7d0666120 Thread added: 0x000001f7efd79d90
Event: 10.753 Thread 0x000001f7d0666120 Thread added: 0x000001f7efd7a420
Event: 10.755 Thread 0x000001f7d0666120 Thread added: 0x000001f7efd7aab0
Event: 12.774 Thread 0x000001f7ee2064d0 Thread exited: 0x000001f7ee2064d0
Event: 15.045 Thread 0x000001f7edc78e20 Thread added: 0x000001f7f066d740
Event: 15.298 Thread 0x000001f7edc78e20 Thread added: 0x000001f7f066bd00


Dynamic libraries:
0x00007ff7c2010000 - 0x00007ff7c201e000 	c:\Users\neng.peng\.cursor\extensions\redhat.java-1.41.1-win32-x64\jre\21.0.6-win32-x86_64\bin\java.exe
0x00007ffc95fb0000 - 0x00007ffc961a8000 	C:\WINDOWS\SYSTEM32\ntdll.dll
0x00007ffc957a0000 - 0x00007ffc95862000 	C:\WINDOWS\System32\KERNEL32.DLL
0x00007ffc93a10000 - 0x00007ffc93d0f000 	C:\WINDOWS\System32\KERNELBASE.dll
0x00007ffc937e0000 - 0x00007ffc938e0000 	C:\WINDOWS\System32\ucrtbase.dll
0x00007ffc6e860000 - 0x00007ffc6e87e000 	c:\Users\neng.peng\.cursor\extensions\redhat.java-1.41.1-win32-x64\jre\21.0.6-win32-x86_64\bin\VCRUNTIME140.dll
0x00007ffc6ae70000 - 0x00007ffc6ae88000 	c:\Users\neng.peng\.cursor\extensions\redhat.java-1.41.1-win32-x64\jre\21.0.6-win32-x86_64\bin\jli.dll
0x00007ffc947e0000 - 0x00007ffc9497d000 	C:\WINDOWS\System32\USER32.dll
0x00007ffc93640000 - 0x00007ffc93662000 	C:\WINDOWS\System32\win32u.dll
0x00007ffc92a00000 - 0x00007ffc92c9a000 	C:\WINDOWS\WinSxS\amd64_microsoft.windows.common-controls_6595b64144ccf1df_6.0.19041.4355_none_60b8b9eb71f62e16\COMCTL32.dll
0x00007ffc95e00000 - 0x00007ffc95e2b000 	C:\WINDOWS\System32\GDI32.dll
0x00007ffc93fd0000 - 0x00007ffc9406e000 	C:\WINDOWS\System32\msvcrt.dll
0x00007ffc93ea0000 - 0x00007ffc93fb7000 	C:\WINDOWS\System32\gdi32full.dll
0x00007ffc93970000 - 0x00007ffc93a0d000 	C:\WINDOWS\System32\msvcp_win.dll
0x00007ffc947b0000 - 0x00007ffc947df000 	C:\WINDOWS\System32\IMM32.DLL
0x00007ffc78c10000 - 0x00007ffc78c1c000 	c:\Users\neng.peng\.cursor\extensions\redhat.java-1.41.1-win32-x64\jre\21.0.6-win32-x86_64\bin\vcruntime140_1.dll
0x00007ffc61d30000 - 0x00007ffc61dbd000 	c:\Users\neng.peng\.cursor\extensions\redhat.java-1.41.1-win32-x64\jre\21.0.6-win32-x86_64\bin\msvcp140.dll
0x00007ffc1cb50000 - 0x00007ffc1d8e0000 	c:\Users\neng.peng\.cursor\extensions\redhat.java-1.41.1-win32-x64\jre\21.0.6-win32-x86_64\bin\server\jvm.dll
0x00007ffc94330000 - 0x00007ffc943e1000 	C:\WINDOWS\System32\ADVAPI32.dll
0x00007ffc94290000 - 0x00007ffc9432f000 	C:\WINDOWS\System32\sechost.dll
0x00007ffc95670000 - 0x00007ffc95793000 	C:\WINDOWS\System32\RPCRT4.dll
0x00007ffc93e70000 - 0x00007ffc93e97000 	C:\WINDOWS\System32\bcrypt.dll
0x00007ffc95600000 - 0x00007ffc9566b000 	C:\WINDOWS\System32\WS2_32.dll
0x00007ffc931b0000 - 0x00007ffc931fb000 	C:\WINDOWS\SYSTEM32\POWRPROF.dll
0x00007ffc7d990000 - 0x00007ffc7d9b7000 	C:\WINDOWS\SYSTEM32\WINMM.dll
0x00007ffc8b410000 - 0x00007ffc8b41a000 	C:\WINDOWS\SYSTEM32\VERSION.dll
0x00007ffc92d90000 - 0x00007ffc92da2000 	C:\WINDOWS\SYSTEM32\UMPDC.dll
0x00007ffc917a0000 - 0x00007ffc917b2000 	C:\WINDOWS\SYSTEM32\kernel.appcore.dll
0x00007ffc774a0000 - 0x00007ffc774aa000 	c:\Users\neng.peng\.cursor\extensions\redhat.java-1.41.1-win32-x64\jre\21.0.6-win32-x86_64\bin\jimage.dll
0x00007ffc92fc0000 - 0x00007ffc931a4000 	C:\WINDOWS\SYSTEM32\DBGHELP.DLL
0x00007ffc92f80000 - 0x00007ffc92fb4000 	C:\WINDOWS\SYSTEM32\dbgcore.DLL
0x00007ffc938e0000 - 0x00007ffc93962000 	C:\WINDOWS\System32\bcryptPrimitives.dll
0x00007ffc88770000 - 0x00007ffc8877f000 	c:\Users\neng.peng\.cursor\extensions\redhat.java-1.41.1-win32-x64\jre\21.0.6-win32-x86_64\bin\instrument.dll
0x00007ffc6ad40000 - 0x00007ffc6ad5f000 	c:\Users\neng.peng\.cursor\extensions\redhat.java-1.41.1-win32-x64\jre\21.0.6-win32-x86_64\bin\java.dll
0x00007ffc94d00000 - 0x00007ffc9546e000 	C:\WINDOWS\System32\SHELL32.dll
0x00007ffc90c70000 - 0x00007ffc91414000 	C:\WINDOWS\SYSTEM32\windows.storage.dll
0x00007ffc949a0000 - 0x00007ffc94cf5000 	C:\WINDOWS\System32\combase.dll
0x00007ffc928b0000 - 0x00007ffc928df000 	C:\WINDOWS\SYSTEM32\Wldp.dll
0x00007ffc95ea0000 - 0x00007ffc95f6d000 	C:\WINDOWS\System32\OLEAUT32.dll
0x00007ffc95550000 - 0x00007ffc955fd000 	C:\WINDOWS\System32\SHCORE.dll
0x00007ffc943f0000 - 0x00007ffc94445000 	C:\WINDOWS\System32\shlwapi.dll
0x00007ffc93570000 - 0x00007ffc93594000 	C:\WINDOWS\SYSTEM32\profapi.dll
0x00007ffc6a920000 - 0x00007ffc6a938000 	c:\Users\neng.peng\.cursor\extensions\redhat.java-1.41.1-win32-x64\jre\21.0.6-win32-x86_64\bin\zip.dll
0x00007ffc71d70000 - 0x00007ffc71d80000 	C:\Users\neng.peng\.cursor\extensions\redhat.java-1.41.1-win32-x64\jre\21.0.6-win32-x86_64\bin\net.dll
0x00007ffc8ad70000 - 0x00007ffc8ae7d000 	C:\WINDOWS\SYSTEM32\WINHTTP.dll
0x00007ffc92650000 - 0x00007ffc926ba000 	C:\WINDOWS\system32\mswsock.dll
0x00007ffc6a8d0000 - 0x00007ffc6a8e6000 	C:\Users\neng.peng\.cursor\extensions\redhat.java-1.41.1-win32-x64\jre\21.0.6-win32-x86_64\bin\nio.dll
0x00007ffc6f9f0000 - 0x00007ffc6fa00000 	c:\Users\neng.peng\.cursor\extensions\redhat.java-1.41.1-win32-x64\jre\21.0.6-win32-x86_64\bin\verify.dll
0x00007ffc6cda0000 - 0x00007ffc6cde5000 	C:\Users\neng.peng\AppData\Roaming\Cursor\User\globalStorage\redhat.java\1.41.1\config_win\org.eclipse.equinox.launcher\org.eclipse.equinox.launcher.win32.win32.x86_64_1.2.1300.v20250331-1702\eclipse_11911.dll
0x00007ffc944d0000 - 0x00007ffc945fb000 	C:\WINDOWS\System32\ole32.dll
0x00007ffc933b0000 - 0x00007ffc933c8000 	C:\WINDOWS\SYSTEM32\CRYPTSP.dll
0x00007ffc92000000 - 0x00007ffc92034000 	C:\WINDOWS\system32\rsaenh.dll
0x00007ffc934f0000 - 0x00007ffc9351e000 	C:\WINDOWS\SYSTEM32\USERENV.dll
0x00007ffc92910000 - 0x00007ffc9291c000 	C:\WINDOWS\SYSTEM32\CRYPTBASE.dll
0x00007ffc92370000 - 0x00007ffc923ab000 	C:\WINDOWS\SYSTEM32\IPHLPAPI.DLL
0x00007ffc95e30000 - 0x00007ffc95e38000 	C:\WINDOWS\System32\NSI.dll
0x00007ffc638e0000 - 0x00007ffc63929000 	C:\Users\neng.peng\AppData\Local\Temp\jna-514568172\jna5960052290232060238.dll
0x00007ffc94070000 - 0x00007ffc94078000 	C:\WINDOWS\System32\PSAPI.DLL
0x00007ffc8b350000 - 0x00007ffc8b367000 	C:\WINDOWS\SYSTEM32\dhcpcsvc6.DLL
0x00007ffc8b330000 - 0x00007ffc8b34d000 	C:\WINDOWS\SYSTEM32\dhcpcsvc.DLL
0x00007ffc8c500000 - 0x00007ffc8c527000 	C:\Users\neng.peng\.gradle\native\e1d6ef7f7dcc3fd88c89a11ec53ec762bb8ba0a96d01ffa2cd45eb1d1d8dd5c5\windows-amd64\native-platform.dll

dbghelp: loaded successfully - version: 4.0.5 - missing functions: none
symbol engine: initialized successfully - sym options: 0x614 - pdb path: .;c:\Users\neng.peng\.cursor\extensions\redhat.java-1.41.1-win32-x64\jre\21.0.6-win32-x86_64\bin;C:\WINDOWS\SYSTEM32;C:\WINDOWS\WinSxS\amd64_microsoft.windows.common-controls_6595b64144ccf1df_6.0.19041.4355_none_60b8b9eb71f62e16;c:\Users\neng.peng\.cursor\extensions\redhat.java-1.41.1-win32-x64\jre\21.0.6-win32-x86_64\bin\server;C:\Users\neng.peng\AppData\Roaming\Cursor\User\globalStorage\redhat.java\1.41.1\config_win\org.eclipse.equinox.launcher\org.eclipse.equinox.launcher.win32.win32.x86_64_1.2.1300.v20250331-1702;C:\Users\neng.peng\AppData\Local\Temp\jna-514568172;C:\Users\neng.peng\.gradle\native\e1d6ef7f7dcc3fd88c89a11ec53ec762bb8ba0a96d01ffa2cd45eb1d1d8dd5c5\windows-amd64

VM Arguments:
jvm_args: --add-modules=ALL-SYSTEM --add-opens=java.base/java.util=ALL-UNNAMED --add-opens=java.base/java.lang=ALL-UNNAMED --add-opens=java.base/sun.nio.fs=ALL-UNNAMED -Declipse.application=org.eclipse.jdt.ls.core.id1 -Dosgi.bundles.defaultStartLevel=4 -Declipse.product=org.eclipse.jdt.ls.core.product -Djava.import.generatesMetadataFilesAtProjectRoot=false -DDetectVMInstallationsJob.disabled=true -Dfile.encoding=utf8 -XX:+UseParallelGC -XX:GCTimeRatio=4 -XX:AdaptiveSizePolicyWeight=90 -Dsun.zip.disableMemoryMapping=true -Xmx1G -Xms100m -Xlog:disable -javaagent:c:\Users\neng.peng\.cursor\extensions\redhat.java-1.41.1-win32-x64\lombok\lombok-1.18.36.jar -XX:+HeapDumpOnOutOfMemoryError -XX:HeapDumpPath=c:\Users\neng.peng\AppData\Roaming\Cursor\User\workspaceStorage\ac6def7b551673d8a8fb8b753dd4871c\redhat.java -Daether.dependencyCollector.impl=bf 
java_command: c:\Users\neng.peng\.cursor\extensions\redhat.java-1.41.1-win32-x64\server\plugins\org.eclipse.equinox.launcher_1.7.0.v20250331-1702.jar -configuration c:\Users\neng.peng\AppData\Roaming\Cursor\User\globalStorage\redhat.java\1.41.1\config_win -data c:\Users\neng.peng\AppData\Roaming\Cursor\User\workspaceStorage\ac6def7b551673d8a8fb8b753dd4871c\redhat.java\jdt_ws --pipe=\\.\pipe\lsp-4aaecd43bb85c60160c5eb333605ce5f-sock
java_class_path (initial): c:\Users\neng.peng\.cursor\extensions\redhat.java-1.41.1-win32-x64\server\plugins\org.eclipse.equinox.launcher_1.7.0.v20250331-1702.jar
Launcher Type: SUN_STANDARD

[Global flags]
    uintx AdaptiveSizePolicyWeight                 = 90                                        {product} {command line}
     intx CICompilerCount                          = 4                                         {product} {ergonomic}
    uintx GCTimeRatio                              = 4                                         {product} {command line}
     bool HeapDumpOnOutOfMemoryError               = true                                   {manageable} {command line}
    ccstr HeapDumpPath                             = c:\Users\neng.peng\AppData\Roaming\Cursor\User\workspaceStorage\ac6def7b551673d8a8fb8b753dd4871c\redhat.java         {manageable} {command line}
   size_t InitialHeapSize                          = 104857600                                 {product} {command line}
   size_t MaxHeapSize                              = 1073741824                                {product} {command line}
   size_t MaxNewSize                               = 357564416                                 {product} {ergonomic}
   size_t MinHeapDeltaBytes                        = 524288                                    {product} {ergonomic}
   size_t MinHeapSize                              = 104857600                                 {product} {command line}
   size_t NewSize                                  = 34603008                                  {product} {ergonomic}
    uintx NonNMethodCodeHeapSize                   = 5839372                                {pd product} {ergonomic}
    uintx NonProfiledCodeHeapSize                  = 122909434                              {pd product} {ergonomic}
   size_t OldSize                                  = 70254592                                  {product} {ergonomic}
    uintx ProfiledCodeHeapSize                     = 122909434                              {pd product} {ergonomic}
    uintx ReservedCodeCacheSize                    = 251658240                              {pd product} {ergonomic}
     bool SegmentedCodeCache                       = true                                      {product} {ergonomic}
   size_t SoftMaxHeapSize                          = 1073741824                             {manageable} {ergonomic}
     bool UseCompressedOops                        = true                           {product lp64_product} {ergonomic}
     bool UseLargePagesIndividualAllocation        = false                                  {pd product} {ergonomic}
     bool UseParallelGC                            = true                                      {product} {command line}

Logging:
Log output configuration:
 #0: stdout all=off uptime,level,tags foldmultilines=false
 #1: stderr all=off uptime,level,tags foldmultilines=false

Environment Variables:
JAVA_HOME=C:\Program Files\Java\jdk1.8.0_152
CLASSPATH=.;C:\Program Files\Java\jdk1.8.0_152\bin;C:\Program Files\Java\jdk1.8.0_152\lib\dt.jar;C:\Program Files\Java\jdk1.8.0_152\lib\tools.jar
PATH=C:\Python312\Scripts\;C:\Python312\;C:\Program Files\Java\jdk1.8.0_152\jre\bin;C:\Program Files (x86)\Intel\Intel(R) Management Engine Components\iCLS\;C:\Program Files\Intel\Intel(R) Management Engine Components\iCLS\;C:\Windows\system32;C:\Windows;C:\Windows\System32\Wbem;C:\Windows\System32\WindowsPowerShell\v1.0\;C:\Windows\System32\OpenSSH\;C:\Program Files (x86)\NVIDIA Corporation\PhysX\Common;C:\Program Files (x86)\Intel\Intel(R) Management Engine Components\DAL;C:\Program Files\Intel\Intel(R) Management Engine Components\DAL;C:\Program Files (x86)\Intel\Intel(R) Management Engine Components\IPT;C:\Program Files\Intel\Intel(R) Management Engine Components\IPT;C:\Program Files\Intel\WiFi\bin\;C:\Program Files\Common Files\Intel\WirelessCommon\;C:\WINDOWS\system32;C:\WINDOWS;C:\WINDOWS\System32\Wbem;C:\WINDOWS\System32\WindowsPowerShell\v1.0\;C:\WINDOWS\System32\OpenSSH\;C:\Users\neng.peng\AppData\Local\Android\Sdk\tools;C:\Users\neng.peng\AppData\Local\Android\Sdk\platform-tools;C:\Program Files\Java\jdk1.8.0_152\bin;C:\Users\neng.peng\AppData\Local\Android\Sdk\ndk-bundle;D:\mysql-8.0.23-winx64\bin;D:\Program Files\Git\cmd;C:\Program Files\Bandizip\;D:\\Apktool;D:\office\Lib\xuggler\bin;C:\Program Files\dotnet\;E:\;E:\AI\pcsuite\;E:\Windows Kits\10\Windows Performance Toolkit\;C:\Users\neng.peng\AppData\Roaming\Microsoft\Windows\Start Menu\Programs\Python 3.10;c:\users\neng.peng\appdata\local\programs\python\python310\lib\site-packages\appium;C:\Program Files\Cloudflare\Cloudflare WARP\;E:\AI\apache-maven-3.9.8\bin;E:\AI\;C:\Users\neng.peng\AppData\Local\Android\Sdk\build-tools\34.0.0\zipalign;C:\Users\neng.peng\AppData\Local\Android\Sdk\build-tools\34.0.0;C:\Users\neng.peng\Downloads\scrcpy-win64-v2.6.1\scrcpy-win64-v2.6.1;C:\Users\neng.peng\.local\bin;C:\Users\neng.peng\AppData\Local\Programs\Python\Python310\Scripts\;C:\Users\neng.peng\AppData\Local\Programs\Python\Python310\;C:\Users\neng.peng\AppData\Local\Programs\Python\Launcher\;C:\Users\neng.peng\AppData\Local\Microsoft\WindowsApps;D:\Program Files\Git\bin;D:\Program Files\Git\mingw64\libexec\git-core;D:\Program Files\Git\mingw64\bin;C:\Users\neng.peng\.bun\bin;C:\Users\neng.peng\AppData\Roaming\npm;C:\Users\neng.peng\AppData\Local\Programs\cursor\resources\app\bin
USERNAME=neng.peng
OS=Windows_NT
PROCESSOR_IDENTIFIER=Intel64 Family 6 Model 158 Stepping 10, GenuineIntel
TMP=C:\Users\NENG~1.PEN\AppData\Local\Temp
TEMP=C:\Users\NENG~1.PEN\AppData\Local\Temp




Periodic native trim disabled

---------------  S Y S T E M  ---------------

OS:
 Windows 10 , 64 bit Build 19041 (10.0.19041.5198)
OS uptime: 9 days 3:42 hours
Hyper-V role detected

CPU: total 12 (initial active 12) (6 cores per cpu, 2 threads per core) family 6 model 158 stepping 10 microcode 0xca, cx8, cmov, fxsr, ht, mmx, 3dnowpref, sse, sse2, sse3, ssse3, sse4.1, sse4.2, popcnt, lzcnt, tsc, tscinvbit, avx, avx2, aes, erms, clmul, bmi1, bmi2, adx, fma, vzeroupper, clflush, clflushopt, hv, rdtscp, f16c
Processor Information for the first 12 processors :
  Max Mhz: 2208, Current Mhz: 2208, Mhz Limit: 2208

Memory: 4k page, system-wide physical 16234M (261M free)
TotalPageFile size 33821M (AvailPageFile size 4M)
current process WorkingSet (physical memory assigned to process): 320M, peak: 320M
current process commit charge ("private bytes"): 353M, peak: 952M

vm_info: OpenJDK 64-Bit Server VM (21.0.6+7-LTS) for windows-amd64 JRE (21.0.6+7-LTS), built on 2025-01-21T00:00:00Z by "admin" with MS VC++ 17.7 (VS2022)

END.
